app/build/intermediates/manifest_merge_blame_file/debug/manifest-merger-blame-debug-report.txt
1<?xml version="1.0" encoding="utf-8"?>
2<manifest xmlns:android="http://schemas.android.com/apk/res/android"
3    package="com.GNSS.alpha"
4    android:versionCode="1"
5    android:versionName="1.0" >
6
7    <uses-sdk
8        android:minSdkVersion="19"
8-->src/main/AndroidManifest.xml
9        android:targetSdkVersion="30" />
9-->src/main/AndroidManifest.xml
10
11    <uses-permission android:name="android.permission.RECEIVE_BOOT_COMPLETED" />
11-->src/main/AndroidManifest.xml:4:5-81
11-->src/main/AndroidManifest.xml:4:22-78
12    <uses-permission android:name="android.permission.INTERNET" />
12-->src/main/AndroidManifest.xml:5:5-67
12-->src/main/AndroidManifest.xml:5:22-64
13    <uses-permission android:name="android.permission.ACCESS_NETWORK_STATE" />
13-->src/main/AndroidManifest.xml:6:5-79
13-->src/main/AndroidManifest.xml:6:22-76
14
15    <application
15-->src/main/AndroidManifest.xml:7:5-30:19
16        android:name="com.GNSS.alpha.MyApplication"
16-->src/main/AndroidManifest.xml:8:9-38
17        android:allowBackup="true"
17-->src/main/AndroidManifest.xml:9:9-35
18        android:appComponentFactory="android.support.v4.app.CoreComponentFactory"
18-->[com.android.support:support-compat:28.0.0] AndroidManifest.xml:22:18-91
19        android:debuggable="true"
20        android:icon="@mipmap/ic_launcher"
20-->src/main/AndroidManifest.xml:10:9-43
21        android:label="@string/app_name"
21-->src/main/AndroidManifest.xml:11:9-41
22        android:supportsRtl="true"
22-->src/main/AndroidManifest.xml:12:9-35
23        android:testOnly="true"
24        android:theme="@style/Theme.Alpha" >
24-->src/main/AndroidManifest.xml:13:9-43
25        <activity android:name="com.GNSS.alpha.MainActivity" >
25-->src/main/AndroidManifest.xml:14:9-21:20
25-->src/main/AndroidManifest.xml:14:19-47
26            <intent-filter>
26-->src/main/AndroidManifest.xml:15:13-20:29
27                <action android:name="android.intent.action.MAIN" />
27-->src/main/AndroidManifest.xml:16:17-69
27-->src/main/AndroidManifest.xml:16:25-66
28
29                <category android:name="android.intent.category.LAUNCHER" />
29-->src/main/AndroidManifest.xml:17:17-77
29-->src/main/AndroidManifest.xml:17:27-74
30                <category android:name="android.intent.category.HOME" />
30-->src/main/AndroidManifest.xml:18:17-73
30-->src/main/AndroidManifest.xml:18:27-70
31                <category android:name="android.intent.category.DEFAULT" />
31-->src/main/AndroidManifest.xml:19:17-76
31-->src/main/AndroidManifest.xml:19:27-73
32            </intent-filter>
33        </activity>
34
35        <receiver
35-->src/main/AndroidManifest.xml:22:9-28:20
36            android:name="com.GNSS.alpha.BootUpReceiver"
36-->src/main/AndroidManifest.xml:22:42-72
37            android:enabled="true"
37-->src/main/AndroidManifest.xml:22:19-41
38            android:permission="android.permission.RECEIVE_BOOT_COMPLETED" >
38-->src/main/AndroidManifest.xml:23:13-75
39            <intent-filter>
39-->src/main/AndroidManifest.xml:24:13-27:29
40                <action android:name="android.intent.action.BOOT_COMPLETED" />
40-->src/main/AndroidManifest.xml:25:17-79
40-->src/main/AndroidManifest.xml:25:25-76
41
42                <category android:name="android.intent.category.DEFAULT" />
42-->src/main/AndroidManifest.xml:19:17-76
42-->src/main/AndroidManifest.xml:19:27-73
43            </intent-filter>
44        </receiver>
45    </application>
46
47</manifest>